<?xml version="1.0" encoding="UTF-8"?>
<!-- Generated by org.testng.reporters.JUnitReportReporter -->
<testsuite hostname="LAPTOP-3NF8IEEM" failures="0" tests="1" name="TestPkg.ProjectDecathlonTest" time="115.194" errors="0" timestamp="2024-04-03T11:52:32 IST" skipped="0">
  <testcase classname="TestPkg.ProjectDecathlonTest" name="homepageValidation" time="115.194"/>
</testsuite> <!-- TestPkg.ProjectDecathlonTest -->
