<?xml version="1.0" encoding="UTF-8"?>
<!-- Generated by org.testng.reporters.JUnitReportReporter -->
<testsuite hostname="LAPTOP-3NF8IEEM" failures="0" tests="1" name="TestPkg.TestFbLogin" time="0.747" errors="0" timestamp="2024-03-07T10:31:15 IST" skipped="0">
  <testcase classname="TestPkg.TestFbLogin" name="loginTest" time="0.747"/>
</testsuite> <!-- TestPkg.TestFbLogin -->
